<?xml version="1.0" encoding="UTF-8"?>
<!-- Generated by org.testng.reporters.JUnitReportReporter -->
<testsuite hostname="DannOfThursday" failures="0" tests="3" name="piit.AutomationTrainingProgram.Browser2" time="3.558" errors="0" timestamp="2022-05-11T18:35:28 EDT" skipped="0">
  <testcase classname="piit.AutomationTrainingProgram.Browser2" name="f" time="1.487"/>
  <system-out/>
  <testcase classname="piit.AutomationTrainingProgram.Browser2" name="f" time="0.735"/>
  <system-out/>
  <testcase classname="piit.AutomationTrainingProgram.Browser2" name="f" time="1.336"/>
  <system-out/>
</testsuite> <!-- piit.AutomationTrainingProgram.Browser2 -->
