<?xml version="1.0" encoding="UTF-8"?>
<!-- Generated by org.testng.reporters.JUnitReportReporter -->
<testsuite hostname="DannOfThursday" failures="0" tests="3" name="piit.AutomationTrainingProgram.Browser2" time="13.148" errors="0" timestamp="2022-05-11T22:20:31 EDT" skipped="0">
  <testcase classname="piit.AutomationTrainingProgram.Browser2" name="f" time="3.269"/>
  <system-out/>
  <testcase classname="piit.AutomationTrainingProgram.Browser2" name="f" time="0.848"/>
  <system-out/>
  <testcase classname="piit.AutomationTrainingProgram.Browser2" name="f" time="9.031"/>
  <system-out/>
</testsuite> <!-- piit.AutomationTrainingProgram.Browser2 -->
