<?xml version="1.0" encoding="UTF-8"?>
<!-- Generated by org.testng.reporters.JUnitReportReporter -->
<testsuite hostname="DannOfThursday" failures="0" tests="2" name="piit.AutomationTrainingProgram.Execution" time="0.024" errors="0" timestamp="2022-04-26T22:24:38 EDT" skipped="0">
  <testcase classname="piit.AutomationTrainingProgram.Execution" name="Test2" time="0.018"/>
  <system-out/>
  <testcase classname="piit.AutomationTrainingProgram.Execution" name="f" time="0.006"/>
  <system-out/>
</testsuite> <!-- piit.AutomationTrainingProgram.Execution -->
