<?xml version="1.0" encoding="UTF-8"?>
<!-- Generated by org.testng.reporters.JUnitReportReporter -->
<testsuite hostname="DannOfThursday" failures="0" tests="6" name="piit.AutomationTrainingProgram.Signout" time="55.744" errors="0" timestamp="2022-05-11T22:22:41 EDT" skipped="0">
  <testcase classname="piit.AutomationTrainingProgram.Signout" name="f" time="13.275"/>
  <system-out/>
  <testcase classname="piit.AutomationTrainingProgram.Signout" name="f" time="14.956"/>
  <system-out/>
  <testcase classname="piit.AutomationTrainingProgram.Signout" name="f" time="11.151"/>
  <system-out/>
  <testcase classname="piit.AutomationTrainingProgram.Signout" name="TextVerificationMethod" time="5.406"/>
  <system-out/>
  <testcase classname="piit.AutomationTrainingProgram.Signout" name="TextVerificationMethod" time="5.277"/>
  <system-out/>
  <testcase classname="piit.AutomationTrainingProgram.Signout" name="TextVerificationMethod" time="5.679"/>
  <system-out/>
</testsuite> <!-- piit.AutomationTrainingProgram.Signout -->
