<?xml version="1.0" encoding="UTF-8"?>
<!-- Generated by org.testng.reporters.JUnitReportReporter -->
<testsuite hostname="DannOfThursday" failures="0" tests="6" name="piit.AutomationTrainingProgram.Signout" time="102.942" errors="0" timestamp="2022-05-11T18:35:28 EDT" skipped="0">
  <testcase classname="piit.AutomationTrainingProgram.Signout" name="f" time="45.637"/>
  <system-out/>
  <testcase classname="piit.AutomationTrainingProgram.Signout" name="f" time="16.309"/>
  <system-out/>
  <testcase classname="piit.AutomationTrainingProgram.Signout" name="f" time="20.757"/>
  <system-out/>
  <testcase classname="piit.AutomationTrainingProgram.Signout" name="TextVerificationMethod" time="5.311"/>
  <system-out/>
  <testcase classname="piit.AutomationTrainingProgram.Signout" name="TextVerificationMethod" time="9.221"/>
  <system-out/>
  <testcase classname="piit.AutomationTrainingProgram.Signout" name="TextVerificationMethod" time="5.707"/>
  <system-out/>
</testsuite> <!-- piit.AutomationTrainingProgram.Signout -->
