<?xml version="1.0" encoding="UTF-8"?>
<!-- Generated by org.testng.reporters.JUnitReportReporter -->
<testsuite hostname="DannOfThursday" failures="0" tests="6" name="piit.AutomationTrainingProgram.NewTest" time="87.603" errors="0" timestamp="2022-05-17T22:01:05 EDT" skipped="0">
  <testcase classname="piit.AutomationTrainingProgram.NewTest" name="f" time="17.778"/>
  <system-out/>
  <testcase classname="piit.AutomationTrainingProgram.NewTest" name="f" time="13.182"/>
  <system-out/>
  <testcase classname="piit.AutomationTrainingProgram.NewTest" name="f" time="14.134"/>
  <system-out/>
  <testcase classname="piit.AutomationTrainingProgram.NewTest" name="f" time="14.170"/>
  <system-out/>
  <testcase classname="piit.AutomationTrainingProgram.NewTest" name="f" time="14.758"/>
  <system-out/>
  <testcase classname="piit.AutomationTrainingProgram.NewTest" name="f" time="13.581"/>
  <system-out/>
</testsuite> <!-- piit.AutomationTrainingProgram.NewTest -->
